<?xml version="1.0" encoding="UTF-8"?>
<testsuite xmlns:xsi="http://www.w3.org/2001/XMLSchema-instance" xsi:noNamespaceSchemaLocation="https://maven.apache.org/surefire/maven-surefire-plugin/xsd/surefire-test-report-3.0.xsd" version="3.0" name="model.UserTest" time="0.042" tests="9" errors="0" skipped="0" failures="0">
  <properties>
[...]
</properties>
  <testcase name="testRemoveItemFromBuyListWithNoCommodityInBuyList" classname="model.UserTest" time="0.004"/>
  <testcase name="testAddPurchasedItemForTheFirstTime" classname="model.UserTest" time="0.001"/>
  <testcase name="testWithdrawCreditWithAmountGreaterThanCredit" classname="model.UserTest" time="0.004"/>
  <testcase name="testAddBuyItemWithNoBuyHistory" classname="model.UserTest" time="0.005"/>
  <testcase name="testAddBuyItemWithBuyHistory" classname="model.UserTest" time="0.002"/>
  <testcase name="testAddPurchasedItemRepeatedly" classname="model.UserTest" time="0.002"/>
  <testcase name="testAddCreditWithNegativeAmount" classname="model.UserTest" time="0.002"/>
  <testcase name="testAddCreditWithPositiveAmount" classname="model.UserTest" time="0"/>
  <testcase name="testWithdrawCredit" classname="model.UserTest" time="0.001"/>
</testsuite>