<?xml version="1.0" encoding="UTF-8"?>
<testsuite xmlns:xsi="http://www.w3.org/2001/XMLSchema-instance" xsi:noNamespaceSchemaLocation="https://maven.apache.org/surefire/maven-surefire-plugin/xsd/surefire-test-report.xsd" name="controllers.CommoditiesControllerTest" time="0.072" tests="17" errors="0" skipped="0" failures="0">
  <properties>
[...]
</properties>
  <testcase name="testaddCommodityComment_Success" classname="controllers.CommoditiesControllerTest" time="0.003"/>
  <testcase name="searchCommoditiesByName_Success" classname="controllers.CommoditiesControllerTest" time="0.019"/>
  <testcase name="testAddCommodityComment_UserNotFound" classname="controllers.CommoditiesControllerTest" time="0"/>
  <testcase name="testGetCommodityComment_CommentsNotFound" classname="controllers.CommoditiesControllerTest" time="0"/>
  <testcase name="searchCommoditiesByCategory_Success" classname="controllers.CommoditiesControllerTest" time="0.004"/>
  <testcase name="searchCommoditiesByProvider_Success" classname="controllers.CommoditiesControllerTest" time="0"/>
  <testcase name="testGetCommodityComment_Success" classname="controllers.CommoditiesControllerTest" time="0.021"/>
  <testcase name="testRateCommodity_BadRequest" classname="controllers.CommoditiesControllerTest" time="0"/>
  <testcase name="testGetCommodity_NotFound" classname="controllers.CommoditiesControllerTest" time="0"/>
  <testcase name="testGetCommodities" classname="controllers.CommoditiesControllerTest" time="0"/>
  <testcase name="getSuggestedCommodities_NotFound" classname="controllers.CommoditiesControllerTest" time="0.006"/>
  <testcase name="testRateCommodity_NotFound" classname="controllers.CommoditiesControllerTest" time="0"/>
  <testcase name="testGetCommodity_Success" classname="controllers.CommoditiesControllerTest" time="0.002"/>
  <testcase name="getSuggestedCommodities_Success" classname="controllers.CommoditiesControllerTest" time="0.005"/>
  <testcase name="testRateCommodity_Success" classname="controllers.CommoditiesControllerTest" time="0.007"/>
  <testcase name="searchCommodities_EmptySearchValue" classname="controllers.CommoditiesControllerTest" time="0.001"/>
  <testcase name="searchCommodities_InvalidSearchOption" classname="controllers.CommoditiesControllerTest" time="0.002"/>
</testsuite>